<?xml version="1.0" encoding="UTF-8"?>
<!-- Generated by org.testng.reporters.JUnitReportReporter -->
<testsuite hostname="DESKTOP-H0CI39M" failures="0" tests="1" name="TestCase.HomePageBar" time="6.341" errors="0" timestamp="2024-09-23T12:52:56 IST" skipped="0">
  <testcase classname="TestCase.HomePageBar" name="TestCase_007" time="6.341"/>
</testsuite> <!-- TestCase.HomePageBar -->
