<?xml version="1.0" encoding="UTF-8"?>
<!-- Generated by org.testng.reporters.JUnitReportReporter -->
<testsuite hostname="DESKTOP-H0CI39M" failures="0" tests="1" name="TestCase.CheckOut" time="7.908" errors="0" timestamp="2024-09-23T18:40:51 IST" skipped="0">
  <testcase classname="TestCase.CheckOut" name="TestCase_003" time="7.908"/>
</testsuite> <!-- TestCase.CheckOut -->
