<?xml version="1.0" encoding="UTF-8"?>
<!-- Generated by org.testng.reporters.JUnitReportReporter -->
<testsuite hostname="DESKTOP-H0CI39M" failures="0" tests="1" name="TestCase.HomePageBar" time="8.793" errors="0" timestamp="2024-09-20T11:02:34 IST" skipped="0">
  <testcase classname="TestCase.HomePageBar" name="TestCase_007" time="8.793"/>
</testsuite> <!-- TestCase.HomePageBar -->
