<?xml version="1.0" encoding="UTF-8"?>
<!-- Generated by org.testng.reporters.JUnitReportReporter -->
<testsuite hostname="DESKTOP-H0CI39M" failures="0" tests="1" name="TestCase.ProductCart" time="14.824" errors="0" timestamp="2024-09-23T18:07:50 IST" skipped="0">
  <testcase classname="TestCase.ProductCart" name="TestCase_003" time="14.824"/>
</testsuite> <!-- TestCase.ProductCart -->
