<?xml version="1.0" encoding="UTF-8"?>
<!-- Generated by org.testng.reporters.JUnitReportReporter -->
<testsuite hostname="DESKTOP-H0CI39M" failures="0" tests="7" name="TestCase.HomePageBar" time="51.866" errors="0" timestamp="2024-09-23T18:44:53 IST" skipped="0">
  <testcase classname="TestCase.HomePageBar" name="TestCase_001" time="5.512"/>
  <testcase classname="TestCase.HomePageBar" name="TestCase_007" time="4.245"/>
  <testcase classname="TestCase.HomePageBar" name="TestCase_005" time="6.077"/>
  <testcase classname="TestCase.HomePageBar" name="TestCase_004" time="15.586"/>
  <testcase classname="TestCase.HomePageBar" name="TestCase_002" time="6.984"/>
  <testcase classname="TestCase.HomePageBar" name="TestCase_003" time="8.051"/>
  <testcase classname="TestCase.HomePageBar" name="TestCase_006" time="5.411"/>
</testsuite> <!-- TestCase.HomePageBar -->
