<?xml version="1.0" encoding="UTF-8"?>
<!-- Generated by org.testng.reporters.JUnitReportReporter -->
<testsuite hostname="DESKTOP-H0CI39M" failures="0" tests="9" name="TestCase.LoginPage" time="69.041" errors="0" timestamp="2024-09-17T09:02:40 IST" skipped="0">
  <testcase classname="TestCase.LoginPage" name="TestCase_009" time="8.188"/>
  <testcase classname="TestCase.LoginPage" name="TestCase_008" time="5.013"/>
  <testcase classname="TestCase.LoginPage" name="TestCase_003" time="14.921"/>
  <testcase classname="TestCase.LoginPage" name="TestCase_006" time="3.409"/>
  <testcase classname="TestCase.LoginPage" name="TestCase_005" time="4.391"/>
  <testcase classname="TestCase.LoginPage" name="TestCase_002" time="3.499"/>
  <testcase classname="TestCase.LoginPage" name="TestCase_007" time="18.335"/>
  <testcase classname="TestCase.LoginPage" name="TestCase_001" time="4.666"/>
  <testcase classname="TestCase.LoginPage" name="TestCase_004" time="6.619"/>
</testsuite> <!-- TestCase.LoginPage -->
