<?xml version="1.0" encoding="UTF-8"?>
<!-- Generated by org.testng.reporters.JUnitReportReporter -->
<testsuite hostname="DESKTOP-H0CI39M" failures="0" tests="3" name="TestCase.ProductCart" time="16.605" errors="0" timestamp="2024-09-23T18:44:53 IST" skipped="0">
  <testcase classname="TestCase.ProductCart" name="TestCase_003" time="5.605"/>
  <testcase classname="TestCase.ProductCart" name="TestCase_001" time="5.848"/>
  <testcase classname="TestCase.ProductCart" name="TestCase_002" time="5.152"/>
</testsuite> <!-- TestCase.ProductCart -->
