<?xml version="1.0" encoding="UTF-8"?>
<!-- Generated by org.testng.reporters.JUnitReportReporter -->
<testsuite hostname="DESKTOP-H0CI39M" failures="0" tests="3" name="TestCase.CheckOut" time="15.356" errors="0" timestamp="2024-09-23T18:44:53 IST" skipped="0">
  <testcase classname="TestCase.CheckOut" name="TestCase_001" time="5.157"/>
  <testcase classname="TestCase.CheckOut" name="TestCase_002" time="4.107"/>
  <testcase classname="TestCase.CheckOut" name="TestCase_003" time="6.092"/>
</testsuite> <!-- TestCase.CheckOut -->
